<?xml version="1.0" encoding="UTF-8"?>
<testsuite xmlns:xsi="http://www.w3.org/2001/XMLSchema-instance" xsi:noNamespaceSchemaLocation="https://maven.apache.org/surefire/maven-surefire-plugin/xsd/surefire-test-report-3.0.xsd" version="3.0" name="cn.iocoder.yudao.module.system.framework.sms.core.client.impl.HuaweiSmsClientTest" time="0.016" tests="4" errors="0" skipped="0" failures="0">
  <properties>
[...]
</properties>
  <testcase name="testDoSendSms_success" classname="cn.iocoder.yudao.module.system.framework.sms.core.client.impl.HuaweiSmsClientTest" time="0.003"/>
  <testcase name="testDoSendSms_fail_01" classname="cn.iocoder.yudao.module.system.framework.sms.core.client.impl.HuaweiSmsClientTest" time="0.001"/>
  <testcase name="testDoSendSms_fail_02" classname="cn.iocoder.yudao.module.system.framework.sms.core.client.impl.HuaweiSmsClientTest" time="0.001"/>
  <testcase name="testParseSmsReceiveStatus" classname="cn.iocoder.yudao.module.system.framework.sms.core.client.impl.HuaweiSmsClientTest" time="0.009"/>
</testsuite>